INFO  started: Metals version 0.8.3 in workspace 'C:\Users\Jake\AppData\Local\Packages\CanonicalGroupLimited.UbuntuonWindows_79rhkp1fndgsc\LocalState\rootfs\home\jakewolfe\Projects\Lumaihelp\CodingChallenge'
INFO  time: initialize in 0.27s
WARN  no build target for: C:\Users\Jake\AppData\Local\Packages\CanonicalGroupLimited.UbuntuonWindows_79rhkp1fndgsc\LocalState\rootfs\home\jakewolfe\Projects\Lumaihelp\CodingChallenge\src\main\scala\CodingChallenge\CodingChallenge.scala
INFO  running 'C:\Program Files\Java\jdk1.8.0_241\jre\bin\java -Djline.terminal=jline.UnsupportedTerminal -Dsbt.log.noformat=true -Dfile.encoding=UTF-8 -Xmx8g -XX:MaxMetaspaceSize=8g -XX:+CMSClassUnloadingEnabled -XX:+UseConcMarkSweepGC -jar C:\Users\Jake\AppData\Local\Temp\metals8798936352025857711\sbt-launch.jar -Dbloop.export-jar-classifiers=sources bloopInstall'
INFO  [info] Loading global plugins from C:\Users\Jake\.sbt\1.0\plugins
INFO  [info] Loading settings for project codingchallenge-build from metals.sbt ...
INFO  [info] Loading project definition from C:\Users\Jake\AppData\Local\Packages\CanonicalGroupLimited.UbuntuonWindows_79rhkp1fndgsc\LocalState\rootfs\home\jakewolfe\Projects\Lumaihelp\CodingChallenge\project
INFO  [warn] There may be incompatibilities among your library dependencies; run 'evicted' to see detailed eviction warnings.
INFO  [info] Loading settings for project codingchallenge from build.sbt ...
INFO  [info] Set current project to CodingChallenge (in build file:/C:/Users/Jake/AppData/Local/Packages/CanonicalGroupLimited.UbuntuonWindows_79rhkp1fndgsc/LocalState/rootfs/home/jakewolfe/Projects/Lumaihelp/CodingChallenge/)
INFO  no build target: using presentation compiler with only scala-library
INFO  user cancelled build import
INFO  time: ran 'sbt bloopInstall' in 15m32s
INFO  build tool exit: 2147483647
WARN  code navigation does not work for the file 'C:\Users\Jake\AppData\Local\Packages\CanonicalGroupLimited.UbuntuonWindows_79rhkp1fndgsc\LocalState\rootfs\home\jakewolfe\Projects\Lumaihelp\CodingChallenge\src\main\scala\CodingChallenge\CodingChallenge.scala' because it doesn't belong to a build target.
WARN  code navigation does not work for the file 'C:\Users\Jake\AppData\Local\Packages\CanonicalGroupLimited.UbuntuonWindows_79rhkp1fndgsc\LocalState\rootfs\home\jakewolfe\Projects\Lumaihelp\CodingChallenge\src\main\scala\CodingChallenge\CodingChallenge.scala' because it doesn't belong to a build target.
WARN  no build target for: C:\Users\Jake\AppData\Local\Packages\CanonicalGroupLimited.UbuntuonWindows_79rhkp1fndgsc\LocalState\rootfs\home\jakewolfe\Projects\Lumaihelp\CodingChallenge\src\main\scala\CodingChallenge\CodingChallenge.scala
WARN  no build target for: C:\Users\Jake\AppData\Local\Packages\CanonicalGroupLimited.UbuntuonWindows_79rhkp1fndgsc\LocalState\rootfs\home\jakewolfe\Projects\Lumaihelp\CodingChallenge\src\main\scala\utils\package.scala
WARN  no build target for: C:\Users\Jake\AppData\Local\Packages\CanonicalGroupLimited.UbuntuonWindows_79rhkp1fndgsc\LocalState\rootfs\home\jakewolfe\Projects\Lumaihelp\CodingChallenge\src\main\scala\CodingChallenge\CodingChallenge.scala
WARN  no build target for: C:\Users\Jake\AppData\Local\Packages\CanonicalGroupLimited.UbuntuonWindows_79rhkp1fndgsc\LocalState\rootfs\home\jakewolfe\Projects\Lumaihelp\CodingChallenge\src\main\scala\CodingChallenge\CodingChallenge.scala
WARN  no build target for: C:\Users\Jake\AppData\Local\Packages\CanonicalGroupLimited.UbuntuonWindows_79rhkp1fndgsc\LocalState\rootfs\home\jakewolfe\Projects\Lumaihelp\CodingChallenge\src\main\scala\CodingChallenge\CodingChallenge.scala
WARN  no build target for: C:\Users\Jake\AppData\Local\Packages\CanonicalGroupLimited.UbuntuonWindows_79rhkp1fndgsc\LocalState\rootfs\home\jakewolfe\Projects\Lumaihelp\CodingChallenge\src\main\scala\CodingChallenge\CodingChallenge.scala
WARN  code navigation does not work for the file 'C:\Users\Jake\AppData\Local\Packages\CanonicalGroupLimited.UbuntuonWindows_79rhkp1fndgsc\LocalState\rootfs\home\jakewolfe\Projects\Lumaihelp\CodingChallenge\src\main\scala\CodingChallenge\CodingChallenge.scala' because it doesn't belong to a build target.
WARN  code navigation does not work for the file 'C:\Users\Jake\AppData\Local\Packages\CanonicalGroupLimited.UbuntuonWindows_79rhkp1fndgsc\LocalState\rootfs\home\jakewolfe\Projects\Lumaihelp\CodingChallenge\src\main\scala\CodingChallenge\CodingChallenge.scala' because it doesn't belong to a build target.
WARN  no build target for: C:\Users\Jake\AppData\Local\Packages\CanonicalGroupLimited.UbuntuonWindows_79rhkp1fndgsc\LocalState\rootfs\home\jakewolfe\Projects\Lumaihelp\CodingChallenge\src\main\scala\CodingChallenge\CodingChallenge.scala
WARN  no build target for: C:\Users\Jake\AppData\Local\Packages\CanonicalGroupLimited.UbuntuonWindows_79rhkp1fndgsc\LocalState\rootfs\home\jakewolfe\Projects\Lumaihelp\CodingChallenge\src\main\scala\CodingChallenge\CodingChallenge.scala
WARN  code navigation does not work for the file 'C:\Users\Jake\AppData\Local\Packages\CanonicalGroupLimited.UbuntuonWindows_79rhkp1fndgsc\LocalState\rootfs\home\jakewolfe\Projects\Lumaihelp\CodingChallenge\src\main\scala\CodingChallenge\CodingChallenge.scala' because it doesn't belong to a build target.
WARN  code navigation does not work for the file 'C:\Users\Jake\AppData\Local\Packages\CanonicalGroupLimited.UbuntuonWindows_79rhkp1fndgsc\LocalState\rootfs\home\jakewolfe\Projects\Lumaihelp\CodingChallenge\src\main\scala\CodingChallenge\CodingChallenge.scala' because it doesn't belong to a build target.
WARN  no build target for: C:\Users\Jake\AppData\Local\Packages\CanonicalGroupLimited.UbuntuonWindows_79rhkp1fndgsc\LocalState\rootfs\home\jakewolfe\Projects\Lumaihelp\CodingChallenge\src\main\scala\CodingChallenge\CodingChallenge.scala
WARN  no build target for: C:\Users\Jake\AppData\Local\Packages\CanonicalGroupLimited.UbuntuonWindows_79rhkp1fndgsc\LocalState\rootfs\home\jakewolfe\Projects\Lumaihelp\CodingChallenge\src\main\scala\CodingChallenge\CodingChallenge.scala
WARN  code navigation does not work for the file 'C:\Users\Jake\AppData\Local\Packages\CanonicalGroupLimited.UbuntuonWindows_79rhkp1fndgsc\LocalState\rootfs\home\jakewolfe\Projects\Lumaihelp\CodingChallenge\src\main\scala\CodingChallenge\CodingChallenge.scala' because it doesn't belong to a build target.
WARN  code navigation does not work for the file 'C:\Users\Jake\AppData\Local\Packages\CanonicalGroupLimited.UbuntuonWindows_79rhkp1fndgsc\LocalState\rootfs\home\jakewolfe\Projects\Lumaihelp\CodingChallenge\src\main\scala\CodingChallenge\CodingChallenge.scala' because it doesn't belong to a build target.
WARN  code navigation does not work for the file 'C:\Users\Jake\AppData\Local\Packages\CanonicalGroupLimited.UbuntuonWindows_79rhkp1fndgsc\LocalState\rootfs\home\jakewolfe\Projects\Lumaihelp\CodingChallenge\src\main\scala\CodingChallenge\CodingChallenge.scala' because it doesn't belong to a build target.
WARN  code navigation does not work for the file 'C:\Users\Jake\AppData\Local\Packages\CanonicalGroupLimited.UbuntuonWindows_79rhkp1fndgsc\LocalState\rootfs\home\jakewolfe\Projects\Lumaihelp\CodingChallenge\src\main\scala\CodingChallenge\CodingChallenge.scala' because it doesn't belong to a build target.
WARN  no build target for: C:\Users\Jake\AppData\Local\Packages\CanonicalGroupLimited.UbuntuonWindows_79rhkp1fndgsc\LocalState\rootfs\home\jakewolfe\Projects\Lumaihelp\CodingChallenge\src\main\scala\CodingChallenge\CodingChallenge.scala
WARN  code navigation does not work for the file 'C:\Users\Jake\AppData\Local\Packages\CanonicalGroupLimited.UbuntuonWindows_79rhkp1fndgsc\LocalState\rootfs\home\jakewolfe\Projects\Lumaihelp\CodingChallenge\src\main\scala\CodingChallenge\CodingChallenge.scala' because it doesn't belong to a build target.
WARN  code navigation does not work for the file 'C:\Users\Jake\AppData\Local\Packages\CanonicalGroupLimited.UbuntuonWindows_79rhkp1fndgsc\LocalState\rootfs\home\jakewolfe\Projects\Lumaihelp\CodingChallenge\src\main\scala\CodingChallenge\CodingChallenge.scala' because it doesn't belong to a build target.
WARN  code navigation does not work for the file 'C:\Users\Jake\AppData\Local\Packages\CanonicalGroupLimited.UbuntuonWindows_79rhkp1fndgsc\LocalState\rootfs\home\jakewolfe\Projects\Lumaihelp\CodingChallenge\src\main\scala\CodingChallenge\CodingChallenge.scala' because it doesn't belong to a build target.
WARN  code navigation does not work for the file 'C:\Users\Jake\AppData\Local\Packages\CanonicalGroupLimited.UbuntuonWindows_79rhkp1fndgsc\LocalState\rootfs\home\jakewolfe\Projects\Lumaihelp\CodingChallenge\src\main\scala\CodingChallenge\CodingChallenge.scala' because it doesn't belong to a build target.
WARN  no build target for: C:\Users\Jake\AppData\Local\Packages\CanonicalGroupLimited.UbuntuonWindows_79rhkp1fndgsc\LocalState\rootfs\home\jakewolfe\Projects\Lumaihelp\CodingChallenge\src\main\scala\CodingChallenge\CodingChallenge.scala
WARN  no build target for: C:\Users\Jake\AppData\Local\Packages\CanonicalGroupLimited.UbuntuonWindows_79rhkp1fndgsc\LocalState\rootfs\home\jakewolfe\Projects\Lumaihelp\CodingChallenge\src\main\scala\CodingChallenge\CodingChallenge.scala
WARN  code navigation does not work for the file 'C:\Users\Jake\AppData\Local\Packages\CanonicalGroupLimited.UbuntuonWindows_79rhkp1fndgsc\LocalState\rootfs\home\jakewolfe\Projects\Lumaihelp\CodingChallenge\src\main\scala\CodingChallenge\CodingChallenge.scala' because it doesn't belong to a build target.
WARN  code navigation does not work for the file 'C:\Users\Jake\AppData\Local\Packages\CanonicalGroupLimited.UbuntuonWindows_79rhkp1fndgsc\LocalState\rootfs\home\jakewolfe\Projects\Lumaihelp\CodingChallenge\src\main\scala\CodingChallenge\CodingChallenge.scala' because it doesn't belong to a build target.
WARN  code navigation does not work for the file 'C:\Users\Jake\AppData\Local\Packages\CanonicalGroupLimited.UbuntuonWindows_79rhkp1fndgsc\LocalState\rootfs\home\jakewolfe\Projects\Lumaihelp\CodingChallenge\src\main\scala\CodingChallenge\CodingChallenge.scala' because it doesn't belong to a build target.
WARN  code navigation does not work for the file 'C:\Users\Jake\AppData\Local\Packages\CanonicalGroupLimited.UbuntuonWindows_79rhkp1fndgsc\LocalState\rootfs\home\jakewolfe\Projects\Lumaihelp\CodingChallenge\src\main\scala\CodingChallenge\CodingChallenge.scala' because it doesn't belong to a build target.
WARN  no build target for: C:\Users\Jake\AppData\Local\Packages\CanonicalGroupLimited.UbuntuonWindows_79rhkp1fndgsc\LocalState\rootfs\home\jakewolfe\Projects\Lumaihelp\CodingChallenge\src\main\scala\CodingChallenge\CodingChallenge.scala
WARN  code navigation does not work for the file 'C:\Users\Jake\AppData\Local\Packages\CanonicalGroupLimited.UbuntuonWindows_79rhkp1fndgsc\LocalState\rootfs\home\jakewolfe\Projects\Lumaihelp\CodingChallenge\src\main\scala\CodingChallenge\CodingChallenge.scala' because it doesn't belong to a build target.
WARN  code navigation does not work for the file 'C:\Users\Jake\AppData\Local\Packages\CanonicalGroupLimited.UbuntuonWindows_79rhkp1fndgsc\LocalState\rootfs\home\jakewolfe\Projects\Lumaihelp\CodingChallenge\src\main\scala\CodingChallenge\CodingChallenge.scala' because it doesn't belong to a build target.
WARN  no build target for: C:\Users\Jake\AppData\Local\Packages\CanonicalGroupLimited.UbuntuonWindows_79rhkp1fndgsc\LocalState\rootfs\home\jakewolfe\Projects\Lumaihelp\CodingChallenge\src\main\scala\CodingChallenge\CodingChallenge.scala
WARN  no build target for: C:\Users\Jake\AppData\Local\Packages\CanonicalGroupLimited.UbuntuonWindows_79rhkp1fndgsc\LocalState\rootfs\home\jakewolfe\Projects\Lumaihelp\CodingChallenge\src\main\scala\CodingChallenge\CodingChallenge.scala
WARN  no build target for: C:\Users\Jake\AppData\Local\Packages\CanonicalGroupLimited.UbuntuonWindows_79rhkp1fndgsc\LocalState\rootfs\home\jakewolfe\Projects\Lumaihelp\CodingChallenge\src\main\scala\CodingChallenge\CodingChallenge.scala
WARN  code navigation does not work for the file 'C:\Users\Jake\AppData\Local\Packages\CanonicalGroupLimited.UbuntuonWindows_79rhkp1fndgsc\LocalState\rootfs\home\jakewolfe\Projects\Lumaihelp\CodingChallenge\src\main\scala\utils\package.scala' because it doesn't belong to a build target.
WARN  code navigation does not work for the file 'C:\Users\Jake\AppData\Local\Packages\CanonicalGroupLimited.UbuntuonWindows_79rhkp1fndgsc\LocalState\rootfs\home\jakewolfe\Projects\Lumaihelp\CodingChallenge\src\main\scala\utils\package.scala' because it doesn't belong to a build target.
WARN  code navigation does not work for the file 'C:\Users\Jake\AppData\Local\Packages\CanonicalGroupLimited.UbuntuonWindows_79rhkp1fndgsc\LocalState\rootfs\home\jakewolfe\Projects\Lumaihelp\CodingChallenge\src\main\scala\CodingChallenge\CodingChallenge.scala' because it doesn't belong to a build target.
WARN  code navigation does not work for the file 'C:\Users\Jake\AppData\Local\Packages\CanonicalGroupLimited.UbuntuonWindows_79rhkp1fndgsc\LocalState\rootfs\home\jakewolfe\Projects\Lumaihelp\CodingChallenge\src\main\scala\CodingChallenge\CodingChallenge.scala' because it doesn't belong to a build target.
WARN  code navigation does not work for the file 'C:\Users\Jake\AppData\Local\Packages\CanonicalGroupLimited.UbuntuonWindows_79rhkp1fndgsc\LocalState\rootfs\home\jakewolfe\Projects\Lumaihelp\CodingChallenge\src\main\scala\CodingChallenge\CodingChallenge.scala' because it doesn't belong to a build target.
WARN  code navigation does not work for the file 'C:\Users\Jake\AppData\Local\Packages\CanonicalGroupLimited.UbuntuonWindows_79rhkp1fndgsc\LocalState\rootfs\home\jakewolfe\Projects\Lumaihelp\CodingChallenge\src\main\scala\CodingChallenge\CodingChallenge.scala' because it doesn't belong to a build target.
WARN  code navigation does not work for the file 'C:\Users\Jake\AppData\Local\Packages\CanonicalGroupLimited.UbuntuonWindows_79rhkp1fndgsc\LocalState\rootfs\home\jakewolfe\Projects\Lumaihelp\CodingChallenge\src\main\scala\CodingChallenge\CodingChallenge.scala' because it doesn't belong to a build target.
WARN  code navigation does not work for the file 'C:\Users\Jake\AppData\Local\Packages\CanonicalGroupLimited.UbuntuonWindows_79rhkp1fndgsc\LocalState\rootfs\home\jakewolfe\Projects\Lumaihelp\CodingChallenge\src\main\scala\CodingChallenge\CodingChallenge.scala' because it doesn't belong to a build target.
WARN  code navigation does not work for the file 'C:\Users\Jake\AppData\Local\Packages\CanonicalGroupLimited.UbuntuonWindows_79rhkp1fndgsc\LocalState\rootfs\home\jakewolfe\Projects\Lumaihelp\CodingChallenge\src\main\scala\utils\package.scala' because it doesn't belong to a build target.
WARN  code navigation does not work for the file 'C:\Users\Jake\AppData\Local\Packages\CanonicalGroupLimited.UbuntuonWindows_79rhkp1fndgsc\LocalState\rootfs\home\jakewolfe\Projects\Lumaihelp\CodingChallenge\src\main\scala\utils\package.scala' because it doesn't belong to a build target.
WARN  code navigation does not work for the file 'C:\Users\Jake\AppData\Local\Packages\CanonicalGroupLimited.UbuntuonWindows_79rhkp1fndgsc\LocalState\rootfs\home\jakewolfe\Projects\Lumaihelp\CodingChallenge\src\main\scala\utils\package.scala' because it doesn't belong to a build target.
WARN  code navigation does not work for the file 'C:\Users\Jake\AppData\Local\Packages\CanonicalGroupLimited.UbuntuonWindows_79rhkp1fndgsc\LocalState\rootfs\home\jakewolfe\Projects\Lumaihelp\CodingChallenge\src\main\scala\utils\package.scala' because it doesn't belong to a build target.
WARN  code navigation does not work for the file 'C:\Users\Jake\AppData\Local\Packages\CanonicalGroupLimited.UbuntuonWindows_79rhkp1fndgsc\LocalState\rootfs\home\jakewolfe\Projects\Lumaihelp\CodingChallenge\src\main\scala\utils\package.scala' because it doesn't belong to a build target.
WARN  code navigation does not work for the file 'C:\Users\Jake\AppData\Local\Packages\CanonicalGroupLimited.UbuntuonWindows_79rhkp1fndgsc\LocalState\rootfs\home\jakewolfe\Projects\Lumaihelp\CodingChallenge\src\main\scala\utils\package.scala' because it doesn't belong to a build target.
WARN  code navigation does not work for the file 'C:\Users\Jake\AppData\Local\Packages\CanonicalGroupLimited.UbuntuonWindows_79rhkp1fndgsc\LocalState\rootfs\home\jakewolfe\Projects\Lumaihelp\CodingChallenge\src\main\scala\utils\package.scala' because it doesn't belong to a build target.
WARN  code navigation does not work for the file 'C:\Users\Jake\AppData\Local\Packages\CanonicalGroupLimited.UbuntuonWindows_79rhkp1fndgsc\LocalState\rootfs\home\jakewolfe\Projects\Lumaihelp\CodingChallenge\src\main\scala\utils\package.scala' because it doesn't belong to a build target.
WARN  code navigation does not work for the file 'C:\Users\Jake\AppData\Local\Packages\CanonicalGroupLimited.UbuntuonWindows_79rhkp1fndgsc\LocalState\rootfs\home\jakewolfe\Projects\Lumaihelp\CodingChallenge\src\main\scala\utils\package.scala' because it doesn't belong to a build target.
WARN  code navigation does not work for the file 'C:\Users\Jake\AppData\Local\Packages\CanonicalGroupLimited.UbuntuonWindows_79rhkp1fndgsc\LocalState\rootfs\home\jakewolfe\Projects\Lumaihelp\CodingChallenge\src\main\scala\utils\package.scala' because it doesn't belong to a build target.
WARN  code navigation does not work for the file 'C:\Users\Jake\AppData\Local\Packages\CanonicalGroupLimited.UbuntuonWindows_79rhkp1fndgsc\LocalState\rootfs\home\jakewolfe\Projects\Lumaihelp\CodingChallenge\src\main\scala\utils\package.scala' because it doesn't belong to a build target.
WARN  code navigation does not work for the file 'C:\Users\Jake\AppData\Local\Packages\CanonicalGroupLimited.UbuntuonWindows_79rhkp1fndgsc\LocalState\rootfs\home\jakewolfe\Projects\Lumaihelp\CodingChallenge\src\main\scala\utils\package.scala' because it doesn't belong to a build target.
WARN  code navigation does not work for the file 'C:\Users\Jake\AppData\Local\Packages\CanonicalGroupLimited.UbuntuonWindows_79rhkp1fndgsc\LocalState\rootfs\home\jakewolfe\Projects\Lumaihelp\CodingChallenge\src\main\scala\CodingChallenge\CodingChallenge.scala' because it doesn't belong to a build target.
WARN  code navigation does not work for the file 'C:\Users\Jake\AppData\Local\Packages\CanonicalGroupLimited.UbuntuonWindows_79rhkp1fndgsc\LocalState\rootfs\home\jakewolfe\Projects\Lumaihelp\CodingChallenge\src\main\scala\CodingChallenge\CodingChallenge.scala' because it doesn't belong to a build target.
WARN  no build target for: C:\Users\Jake\AppData\Local\Packages\CanonicalGroupLimited.UbuntuonWindows_79rhkp1fndgsc\LocalState\rootfs\home\jakewolfe\Projects\Lumaihelp\CodingChallenge\src\main\scala\CodingChallenge\CodingChallenge.scala
WARN  no build target for: C:\Users\Jake\AppData\Local\Packages\CanonicalGroupLimited.UbuntuonWindows_79rhkp1fndgsc\LocalState\rootfs\home\jakewolfe\Projects\Lumaihelp\CodingChallenge\src\main\scala\CodingChallenge\CodingChallenge.scala
WARN  code navigation does not work for the file 'C:\Users\Jake\AppData\Local\Packages\CanonicalGroupLimited.UbuntuonWindows_79rhkp1fndgsc\LocalState\rootfs\home\jakewolfe\Projects\Lumaihelp\CodingChallenge\src\main\scala\CodingChallenge\CodingChallenge.scala' because it doesn't belong to a build target.
WARN  code navigation does not work for the file 'C:\Users\Jake\AppData\Local\Packages\CanonicalGroupLimited.UbuntuonWindows_79rhkp1fndgsc\LocalState\rootfs\home\jakewolfe\Projects\Lumaihelp\CodingChallenge\src\main\scala\CodingChallenge\CodingChallenge.scala' because it doesn't belong to a build target.
WARN  code navigation does not work for the file 'C:\Users\Jake\AppData\Local\Packages\CanonicalGroupLimited.UbuntuonWindows_79rhkp1fndgsc\LocalState\rootfs\home\jakewolfe\Projects\Lumaihelp\CodingChallenge\src\main\scala\CodingChallenge\CodingChallenge.scala' because it doesn't belong to a build target.
WARN  code navigation does not work for the file 'C:\Users\Jake\AppData\Local\Packages\CanonicalGroupLimited.UbuntuonWindows_79rhkp1fndgsc\LocalState\rootfs\home\jakewolfe\Projects\Lumaihelp\CodingChallenge\src\main\scala\CodingChallenge\CodingChallenge.scala' because it doesn't belong to a build target.
WARN  code navigation does not work for the file 'C:\Users\Jake\AppData\Local\Packages\CanonicalGroupLimited.UbuntuonWindows_79rhkp1fndgsc\LocalState\rootfs\home\jakewolfe\Projects\Lumaihelp\CodingChallenge\src\main\scala\CodingChallenge\CodingChallenge.scala' because it doesn't belong to a build target.
WARN  code navigation does not work for the file 'C:\Users\Jake\AppData\Local\Packages\CanonicalGroupLimited.UbuntuonWindows_79rhkp1fndgsc\LocalState\rootfs\home\jakewolfe\Projects\Lumaihelp\CodingChallenge\src\main\scala\CodingChallenge\CodingChallenge.scala' because it doesn't belong to a build target.
WARN  code navigation does not work for the file 'C:\Users\Jake\AppData\Local\Packages\CanonicalGroupLimited.UbuntuonWindows_79rhkp1fndgsc\LocalState\rootfs\home\jakewolfe\Projects\Lumaihelp\CodingChallenge\src\main\scala\CodingChallenge\CodingChallenge.scala' because it doesn't belong to a build target.
WARN  code navigation does not work for the file 'C:\Users\Jake\AppData\Local\Packages\CanonicalGroupLimited.UbuntuonWindows_79rhkp1fndgsc\LocalState\rootfs\home\jakewolfe\Projects\Lumaihelp\CodingChallenge\src\main\scala\CodingChallenge\CodingChallenge.scala' because it doesn't belong to a build target.
WARN  no build target for: C:\Users\Jake\AppData\Local\Packages\CanonicalGroupLimited.UbuntuonWindows_79rhkp1fndgsc\LocalState\rootfs\home\jakewolfe\Projects\Lumaihelp\CodingChallenge\src\main\scala\CodingChallenge\CodingChallenge.scala
WARN  code navigation does not work for the file 'C:\Users\Jake\AppData\Local\Packages\CanonicalGroupLimited.UbuntuonWindows_79rhkp1fndgsc\LocalState\rootfs\home\jakewolfe\Projects\Lumaihelp\CodingChallenge\src\main\scala\CodingChallenge\CodingChallenge.scala' because it doesn't belong to a build target.
WARN  code navigation does not work for the file 'C:\Users\Jake\AppData\Local\Packages\CanonicalGroupLimited.UbuntuonWindows_79rhkp1fndgsc\LocalState\rootfs\home\jakewolfe\Projects\Lumaihelp\CodingChallenge\src\main\scala\CodingChallenge\CodingChallenge.scala' because it doesn't belong to a build target.
WARN  code navigation does not work for the file 'C:\Users\Jake\AppData\Local\Packages\CanonicalGroupLimited.UbuntuonWindows_79rhkp1fndgsc\LocalState\rootfs\home\jakewolfe\Projects\Lumaihelp\CodingChallenge\src\main\scala\CodingChallenge\CodingChallenge.scala' because it doesn't belong to a build target.
WARN  code navigation does not work for the file 'C:\Users\Jake\AppData\Local\Packages\CanonicalGroupLimited.UbuntuonWindows_79rhkp1fndgsc\LocalState\rootfs\home\jakewolfe\Projects\Lumaihelp\CodingChallenge\src\main\scala\CodingChallenge\CodingChallenge.scala' because it doesn't belong to a build target.
WARN  code navigation does not work for the file 'C:\Users\Jake\AppData\Local\Packages\CanonicalGroupLimited.UbuntuonWindows_79rhkp1fndgsc\LocalState\rootfs\home\jakewolfe\Projects\Lumaihelp\CodingChallenge\src\main\scala\utils\package.scala' because it doesn't belong to a build target.
WARN  code navigation does not work for the file 'C:\Users\Jake\AppData\Local\Packages\CanonicalGroupLimited.UbuntuonWindows_79rhkp1fndgsc\LocalState\rootfs\home\jakewolfe\Projects\Lumaihelp\CodingChallenge\src\main\scala\utils\package.scala' because it doesn't belong to a build target.
WARN  code navigation does not work for the file 'C:\Users\Jake\AppData\Local\Packages\CanonicalGroupLimited.UbuntuonWindows_79rhkp1fndgsc\LocalState\rootfs\home\jakewolfe\Projects\Lumaihelp\CodingChallenge\src\main\scala\utils\package.scala' because it doesn't belong to a build target.
WARN  code navigation does not work for the file 'C:\Users\Jake\AppData\Local\Packages\CanonicalGroupLimited.UbuntuonWindows_79rhkp1fndgsc\LocalState\rootfs\home\jakewolfe\Projects\Lumaihelp\CodingChallenge\src\main\scala\utils\package.scala' because it doesn't belong to a build target.
WARN  code navigation does not work for the file 'C:\Users\Jake\AppData\Local\Packages\CanonicalGroupLimited.UbuntuonWindows_79rhkp1fndgsc\LocalState\rootfs\home\jakewolfe\Projects\Lumaihelp\CodingChallenge\src\main\scala\CodingChallenge\CodingChallenge.scala' because it doesn't belong to a build target.
WARN  code navigation does not work for the file 'C:\Users\Jake\AppData\Local\Packages\CanonicalGroupLimited.UbuntuonWindows_79rhkp1fndgsc\LocalState\rootfs\home\jakewolfe\Projects\Lumaihelp\CodingChallenge\src\main\scala\CodingChallenge\CodingChallenge.scala' because it doesn't belong to a build target.
WARN  no build target for: C:\Users\Jake\AppData\Local\Packages\CanonicalGroupLimited.UbuntuonWindows_79rhkp1fndgsc\LocalState\rootfs\home\jakewolfe\Projects\Lumaihelp\CodingChallenge\src\main\scala\CodingChallenge\CodingChallenge.scala
WARN  code navigation does not work for the file 'C:\Users\Jake\AppData\Local\Packages\CanonicalGroupLimited.UbuntuonWindows_79rhkp1fndgsc\LocalState\rootfs\home\jakewolfe\Projects\Lumaihelp\CodingChallenge\src\main\scala\utils\package.scala' because it doesn't belong to a build target.
WARN  code navigation does not work for the file 'C:\Users\Jake\AppData\Local\Packages\CanonicalGroupLimited.UbuntuonWindows_79rhkp1fndgsc\LocalState\rootfs\home\jakewolfe\Projects\Lumaihelp\CodingChallenge\src\main\scala\utils\package.scala' because it doesn't belong to a build target.
WARN  code navigation does not work for the file 'C:\Users\Jake\AppData\Local\Packages\CanonicalGroupLimited.UbuntuonWindows_79rhkp1fndgsc\LocalState\rootfs\home\jakewolfe\Projects\Lumaihelp\CodingChallenge\src\main\scala\utils\package.scala' because it doesn't belong to a build target.
WARN  code navigation does not work for the file 'C:\Users\Jake\AppData\Local\Packages\CanonicalGroupLimited.UbuntuonWindows_79rhkp1fndgsc\LocalState\rootfs\home\jakewolfe\Projects\Lumaihelp\CodingChallenge\src\main\scala\utils\package.scala' because it doesn't belong to a build target.
WARN  code navigation does not work for the file 'C:\Users\Jake\AppData\Local\Packages\CanonicalGroupLimited.UbuntuonWindows_79rhkp1fndgsc\LocalState\rootfs\home\jakewolfe\Projects\Lumaihelp\CodingChallenge\src\main\scala\CodingChallenge\CodingChallenge.scala' because it doesn't belong to a build target.
WARN  code navigation does not work for the file 'C:\Users\Jake\AppData\Local\Packages\CanonicalGroupLimited.UbuntuonWindows_79rhkp1fndgsc\LocalState\rootfs\home\jakewolfe\Projects\Lumaihelp\CodingChallenge\src\main\scala\CodingChallenge\CodingChallenge.scala' because it doesn't belong to a build target.
WARN  no build target for: C:\Users\Jake\AppData\Local\Packages\CanonicalGroupLimited.UbuntuonWindows_79rhkp1fndgsc\LocalState\rootfs\home\jakewolfe\Projects\Lumaihelp\CodingChallenge\src\main\scala\CodingChallenge\CodingChallenge.scala
WARN  code navigation does not work for the file 'C:\Users\Jake\AppData\Local\Packages\CanonicalGroupLimited.UbuntuonWindows_79rhkp1fndgsc\LocalState\rootfs\home\jakewolfe\Projects\Lumaihelp\CodingChallenge\src\main\scala\CodingChallenge\CodingChallenge.scala' because it doesn't belong to a build target.
WARN  code navigation does not work for the file 'C:\Users\Jake\AppData\Local\Packages\CanonicalGroupLimited.UbuntuonWindows_79rhkp1fndgsc\LocalState\rootfs\home\jakewolfe\Projects\Lumaihelp\CodingChallenge\src\main\scala\CodingChallenge\CodingChallenge.scala' because it doesn't belong to a build target.
WARN  code navigation does not work for the file 'C:\Users\Jake\AppData\Local\Packages\CanonicalGroupLimited.UbuntuonWindows_79rhkp1fndgsc\LocalState\rootfs\home\jakewolfe\Projects\Lumaihelp\CodingChallenge\src\main\scala\CodingChallenge\CodingChallenge.scala' because it doesn't belong to a build target.
WARN  code navigation does not work for the file 'C:\Users\Jake\AppData\Local\Packages\CanonicalGroupLimited.UbuntuonWindows_79rhkp1fndgsc\LocalState\rootfs\home\jakewolfe\Projects\Lumaihelp\CodingChallenge\src\main\scala\CodingChallenge\CodingChallenge.scala' because it doesn't belong to a build target.
WARN  no build target for: C:\Users\Jake\AppData\Local\Packages\CanonicalGroupLimited.UbuntuonWindows_79rhkp1fndgsc\LocalState\rootfs\home\jakewolfe\Projects\Lumaihelp\CodingChallenge\src\main\scala\CodingChallenge\CodingChallenge.scala
WARN  no build target for: C:\Users\Jake\AppData\Local\Packages\CanonicalGroupLimited.UbuntuonWindows_79rhkp1fndgsc\LocalState\rootfs\home\jakewolfe\Projects\Lumaihelp\CodingChallenge\src\main\scala\CodingChallenge\CodingChallenge.scala
WARN  no build target for: C:\Users\Jake\AppData\Local\Packages\CanonicalGroupLimited.UbuntuonWindows_79rhkp1fndgsc\LocalState\rootfs\home\jakewolfe\Projects\Lumaihelp\CodingChallenge\src\main\scala\CodingChallenge\CodingChallenge.scala
WARN  code navigation does not work for the file 'C:\Users\Jake\AppData\Local\Packages\CanonicalGroupLimited.UbuntuonWindows_79rhkp1fndgsc\LocalState\rootfs\home\jakewolfe\Projects\Lumaihelp\CodingChallenge\src\main\scala\CodingChallenge\CodingChallenge.scala' because it doesn't belong to a build target.
WARN  code navigation does not work for the file 'C:\Users\Jake\AppData\Local\Packages\CanonicalGroupLimited.UbuntuonWindows_79rhkp1fndgsc\LocalState\rootfs\home\jakewolfe\Projects\Lumaihelp\CodingChallenge\src\main\scala\CodingChallenge\CodingChallenge.scala' because it doesn't belong to a build target.
WARN  code navigation does not work for the file 'C:\Users\Jake\AppData\Local\Packages\CanonicalGroupLimited.UbuntuonWindows_79rhkp1fndgsc\LocalState\rootfs\home\jakewolfe\Projects\Lumaihelp\CodingChallenge\src\main\scala\CodingChallenge\CodingChallenge.scala' because it doesn't belong to a build target.
WARN  code navigation does not work for the file 'C:\Users\Jake\AppData\Local\Packages\CanonicalGroupLimited.UbuntuonWindows_79rhkp1fndgsc\LocalState\rootfs\home\jakewolfe\Projects\Lumaihelp\CodingChallenge\src\main\scala\CodingChallenge\CodingChallenge.scala' because it doesn't belong to a build target.
WARN  code navigation does not work for the file 'C:\Users\Jake\AppData\Local\Packages\CanonicalGroupLimited.UbuntuonWindows_79rhkp1fndgsc\LocalState\rootfs\home\jakewolfe\Projects\Lumaihelp\CodingChallenge\src\main\scala\CodingChallenge\CodingChallenge.scala' because it doesn't belong to a build target.
WARN  code navigation does not work for the file 'C:\Users\Jake\AppData\Local\Packages\CanonicalGroupLimited.UbuntuonWindows_79rhkp1fndgsc\LocalState\rootfs\home\jakewolfe\Projects\Lumaihelp\CodingChallenge\src\main\scala\CodingChallenge\CodingChallenge.scala' because it doesn't belong to a build target.
Apr 01, 2020 11:07:31 PM scala.meta.internal.pc.completions.Completions completionPosition
SEVERE: null
java.lang.NullPointerException
	at scala.meta.internal.pc.MetalsGlobal.metalsSeenFromType(MetalsGlobal.scala:640)
	at scala.meta.internal.pc.completions.MatchCaseCompletions$CaseKeywordCompletion.<init>(MatchCaseCompletions.scala:47)
	at scala.meta.internal.pc.completions.Completions.fromIdentApply$1(Completions.scala:416)
	at scala.meta.internal.pc.completions.Completions.completionPositionUnsafe(Completions.scala:436)
	at scala.meta.internal.pc.completions.Completions.completionPositionUnsafe$(Completions.scala:402)
	at scala.meta.internal.pc.MetalsGlobal.completionPositionUnsafe(MetalsGlobal.scala:25)
	at scala.meta.internal.pc.completions.Completions.completionPosition(Completions.scala:394)
	at scala.meta.internal.pc.completions.Completions.completionPosition$(Completions.scala:379)
	at scala.meta.internal.pc.MetalsGlobal.completionPosition(MetalsGlobal.scala:25)
	at scala.meta.internal.pc.CompletionProvider.safeCompletionsAt(CompletionProvider.scala:415)
	at scala.meta.internal.pc.CompletionProvider.completions(CompletionProvider.scala:52)
	at scala.meta.internal.pc.ScalaPresentationCompiler.$anonfun$complete$1(ScalaPresentationCompiler.scala:92)
	at scala.meta.internal.pc.CompilerAccess.withSharedCompiler(CompilerAccess.scala:120)
	at scala.meta.internal.pc.CompilerAccess.$anonfun$withInterruptableCompiler$1(CompilerAccess.scala:77)
	at scala.meta.internal.pc.CompilerAccess.$anonfun$onCompilerJobQueue$1(CompilerAccess.scala:198)
	at scala.meta.internal.pc.CompilerJobQueue$Job.run(CompilerJobQueue.scala:101)
	at java.util.concurrent.ThreadPoolExecutor.runWorker(ThreadPoolExecutor.java:1149)
	at java.util.concurrent.ThreadPoolExecutor$Worker.run(ThreadPoolExecutor.java:624)
	at java.lang.Thread.run(Thread.java:748)

Apr 01, 2020 11:07:31 PM scala.meta.internal.pc.completions.Completions completionPosition
SEVERE: null
java.lang.NullPointerException
	at scala.meta.internal.pc.MetalsGlobal.metalsSeenFromType(MetalsGlobal.scala:640)
	at scala.meta.internal.pc.completions.MatchCaseCompletions$CaseKeywordCompletion.<init>(MatchCaseCompletions.scala:47)
	at scala.meta.internal.pc.completions.Completions.fromIdentApply$1(Completions.scala:416)
	at scala.meta.internal.pc.completions.Completions.completionPositionUnsafe(Completions.scala:436)
	at scala.meta.internal.pc.completions.Completions.completionPositionUnsafe$(Completions.scala:402)
	at scala.meta.internal.pc.MetalsGlobal.completionPositionUnsafe(MetalsGlobal.scala:25)
	at scala.meta.internal.pc.completions.Completions.completionPosition(Completions.scala:394)
	at scala.meta.internal.pc.completions.Completions.completionPosition$(Completions.scala:379)
	at scala.meta.internal.pc.MetalsGlobal.completionPosition(MetalsGlobal.scala:25)
	at scala.meta.internal.pc.CompletionProvider.safeCompletionsAt(CompletionProvider.scala:415)
	at scala.meta.internal.pc.CompletionProvider.completions(CompletionProvider.scala:52)
	at scala.meta.internal.pc.ScalaPresentationCompiler.$anonfun$complete$1(ScalaPresentationCompiler.scala:92)
	at scala.meta.internal.pc.CompilerAccess.withSharedCompiler(CompilerAccess.scala:120)
	at scala.meta.internal.pc.CompilerAccess.$anonfun$withInterruptableCompiler$1(CompilerAccess.scala:77)
	at scala.meta.internal.pc.CompilerAccess.$anonfun$onCompilerJobQueue$1(CompilerAccess.scala:198)
	at scala.meta.internal.pc.CompilerJobQueue$Job.run(CompilerJobQueue.scala:101)
	at java.util.concurrent.ThreadPoolExecutor.runWorker(ThreadPoolExecutor.java:1149)
	at java.util.concurrent.ThreadPoolExecutor$Worker.run(ThreadPoolExecutor.java:624)
	at java.lang.Thread.run(Thread.java:748)

Apr 01, 2020 11:07:32 PM scala.meta.internal.pc.completions.Completions completionPosition
SEVERE: null
java.lang.NullPointerException
	at scala.meta.internal.pc.MetalsGlobal.metalsSeenFromType(MetalsGlobal.scala:640)
	at scala.meta.internal.pc.completions.MatchCaseCompletions$CaseKeywordCompletion.<init>(MatchCaseCompletions.scala:47)
	at scala.meta.internal.pc.completions.Completions.fromIdentApply$1(Completions.scala:416)
	at scala.meta.internal.pc.completions.Completions.completionPositionUnsafe(Completions.scala:436)
	at scala.meta.internal.pc.completions.Completions.completionPositionUnsafe$(Completions.scala:402)
	at scala.meta.internal.pc.MetalsGlobal.completionPositionUnsafe(MetalsGlobal.scala:25)
	at scala.meta.internal.pc.completions.Completions.completionPosition(Completions.scala:394)
	at scala.meta.internal.pc.completions.Completions.completionPosition$(Completions.scala:379)
	at scala.meta.internal.pc.MetalsGlobal.completionPosition(MetalsGlobal.scala:25)
	at scala.meta.internal.pc.CompletionProvider.safeCompletionsAt(CompletionProvider.scala:415)
	at scala.meta.internal.pc.CompletionProvider.completions(CompletionProvider.scala:52)
	at scala.meta.internal.pc.ScalaPresentationCompiler.$anonfun$complete$1(ScalaPresentationCompiler.scala:92)
	at scala.meta.internal.pc.CompilerAccess.withSharedCompiler(CompilerAccess.scala:120)
	at scala.meta.internal.pc.CompilerAccess.$anonfun$withInterruptableCompiler$1(CompilerAccess.scala:77)
	at scala.meta.internal.pc.CompilerAccess.$anonfun$onCompilerJobQueue$1(CompilerAccess.scala:198)
	at scala.meta.internal.pc.CompilerJobQueue$Job.run(CompilerJobQueue.scala:101)
	at java.util.concurrent.ThreadPoolExecutor.runWorker(ThreadPoolExecutor.java:1149)
	at java.util.concurrent.ThreadPoolExecutor$Worker.run(ThreadPoolExecutor.java:624)
	at java.lang.Thread.run(Thread.java:748)

WARN  code navigation does not work for the file 'C:\Users\Jake\AppData\Local\Packages\CanonicalGroupLimited.UbuntuonWindows_79rhkp1fndgsc\LocalState\rootfs\home\jakewolfe\Projects\Lumaihelp\CodingChallenge\src\main\scala\CodingChallenge\CodingChallenge.scala' because it doesn't belong to a build target.
WARN  code navigation does not work for the file 'C:\Users\Jake\AppData\Local\Packages\CanonicalGroupLimited.UbuntuonWindows_79rhkp1fndgsc\LocalState\rootfs\home\jakewolfe\Projects\Lumaihelp\CodingChallenge\src\main\scala\CodingChallenge\CodingChallenge.scala' because it doesn't belong to a build target.
WARN  code navigation does not work for the file 'C:\Users\Jake\AppData\Local\Packages\CanonicalGroupLimited.UbuntuonWindows_79rhkp1fndgsc\LocalState\rootfs\home\jakewolfe\Projects\Lumaihelp\CodingChallenge\src\main\scala\CodingChallenge\CodingChallenge.scala' because it doesn't belong to a build target.
WARN  code navigation does not work for the file 'C:\Users\Jake\AppData\Local\Packages\CanonicalGroupLimited.UbuntuonWindows_79rhkp1fndgsc\LocalState\rootfs\home\jakewolfe\Projects\Lumaihelp\CodingChallenge\src\main\scala\CodingChallenge\CodingChallenge.scala' because it doesn't belong to a build target.
WARN  code navigation does not work for the file 'C:\Users\Jake\AppData\Local\Packages\CanonicalGroupLimited.UbuntuonWindows_79rhkp1fndgsc\LocalState\rootfs\home\jakewolfe\Projects\Lumaihelp\CodingChallenge\src\main\scala\CodingChallenge\CodingChallenge.scala' because it doesn't belong to a build target.
WARN  code navigation does not work for the file 'C:\Users\Jake\AppData\Local\Packages\CanonicalGroupLimited.UbuntuonWindows_79rhkp1fndgsc\LocalState\rootfs\home\jakewolfe\Projects\Lumaihelp\CodingChallenge\src\main\scala\CodingChallenge\CodingChallenge.scala' because it doesn't belong to a build target.
WARN  code navigation does not work for the file 'C:\Users\Jake\AppData\Local\Packages\CanonicalGroupLimited.UbuntuonWindows_79rhkp1fndgsc\LocalState\rootfs\home\jakewolfe\Projects\Lumaihelp\CodingChallenge\src\main\scala\CodingChallenge\CodingChallenge.scala' because it doesn't belong to a build target.
WARN  code navigation does not work for the file 'C:\Users\Jake\AppData\Local\Packages\CanonicalGroupLimited.UbuntuonWindows_79rhkp1fndgsc\LocalState\rootfs\home\jakewolfe\Projects\Lumaihelp\CodingChallenge\src\main\scala\CodingChallenge\CodingChallenge.scala' because it doesn't belong to a build target.
WARN  code navigation does not work for the file 'C:\Users\Jake\AppData\Local\Packages\CanonicalGroupLimited.UbuntuonWindows_79rhkp1fndgsc\LocalState\rootfs\home\jakewolfe\Projects\Lumaihelp\CodingChallenge\src\main\scala\CodingChallenge\CodingChallenge.scala' because it doesn't belong to a build target.
WARN  code navigation does not work for the file 'C:\Users\Jake\AppData\Local\Packages\CanonicalGroupLimited.UbuntuonWindows_79rhkp1fndgsc\LocalState\rootfs\home\jakewolfe\Projects\Lumaihelp\CodingChallenge\src\main\scala\CodingChallenge\CodingChallenge.scala' because it doesn't belong to a build target.
WARN  code navigation does not work for the file 'C:\Users\Jake\AppData\Local\Packages\CanonicalGroupLimited.UbuntuonWindows_79rhkp1fndgsc\LocalState\rootfs\home\jakewolfe\Projects\Lumaihelp\CodingChallenge\src\main\scala\CodingChallenge\CodingChallenge.scala' because it doesn't belong to a build target.
WARN  code navigation does not work for the file 'C:\Users\Jake\AppData\Local\Packages\CanonicalGroupLimited.UbuntuonWindows_79rhkp1fndgsc\LocalState\rootfs\home\jakewolfe\Projects\Lumaihelp\CodingChallenge\src\main\scala\CodingChallenge\CodingChallenge.scala' because it doesn't belong to a build target.
WARN  code navigation does not work for the file 'C:\Users\Jake\AppData\Local\Packages\CanonicalGroupLimited.UbuntuonWindows_79rhkp1fndgsc\LocalState\rootfs\home\jakewolfe\Projects\Lumaihelp\CodingChallenge\src\main\scala\CodingChallenge\CodingChallenge.scala' because it doesn't belong to a build target.
WARN  code navigation does not work for the file 'C:\Users\Jake\AppData\Local\Packages\CanonicalGroupLimited.UbuntuonWindows_79rhkp1fndgsc\LocalState\rootfs\home\jakewolfe\Projects\Lumaihelp\CodingChallenge\src\main\scala\CodingChallenge\CodingChallenge.scala' because it doesn't belong to a build target.
WARN  code navigation does not work for the file 'C:\Users\Jake\AppData\Local\Packages\CanonicalGroupLimited.UbuntuonWindows_79rhkp1fndgsc\LocalState\rootfs\home\jakewolfe\Projects\Lumaihelp\CodingChallenge\src\main\scala\CodingChallenge\CodingChallenge.scala' because it doesn't belong to a build target.
WARN  code navigation does not work for the file 'C:\Users\Jake\AppData\Local\Packages\CanonicalGroupLimited.UbuntuonWindows_79rhkp1fndgsc\LocalState\rootfs\home\jakewolfe\Projects\Lumaihelp\CodingChallenge\src\main\scala\CodingChallenge\CodingChallenge.scala' because it doesn't belong to a build target.
WARN  code navigation does not work for the file 'C:\Users\Jake\AppData\Local\Packages\CanonicalGroupLimited.UbuntuonWindows_79rhkp1fndgsc\LocalState\rootfs\home\jakewolfe\Projects\Lumaihelp\CodingChallenge\src\main\scala\CodingChallenge\CodingChallenge.scala' because it doesn't belong to a build target.
WARN  code navigation does not work for the file 'C:\Users\Jake\AppData\Local\Packages\CanonicalGroupLimited.UbuntuonWindows_79rhkp1fndgsc\LocalState\rootfs\home\jakewolfe\Projects\Lumaihelp\CodingChallenge\src\main\scala\CodingChallenge\CodingChallenge.scala' because it doesn't belong to a build target.
WARN  no build target for: C:\Users\Jake\AppData\Local\Packages\CanonicalGroupLimited.UbuntuonWindows_79rhkp1fndgsc\LocalState\rootfs\home\jakewolfe\Projects\Lumaihelp\CodingChallenge\src\main\scala\CodingChallenge\CodingChallenge.scala
WARN  no build target for: C:\Users\Jake\AppData\Local\Packages\CanonicalGroupLimited.UbuntuonWindows_79rhkp1fndgsc\LocalState\rootfs\home\jakewolfe\Projects\Lumaihelp\CodingChallenge\src\main\scala\CodingChallenge\CodingChallenge.scala
WARN  code navigation does not work for the file 'C:\Users\Jake\AppData\Local\Packages\CanonicalGroupLimited.UbuntuonWindows_79rhkp1fndgsc\LocalState\rootfs\home\jakewolfe\Projects\Lumaihelp\CodingChallenge\src\main\scala\CodingChallenge\CodingChallenge.scala' because it doesn't belong to a build target.
WARN  code navigation does not work for the file 'C:\Users\Jake\AppData\Local\Packages\CanonicalGroupLimited.UbuntuonWindows_79rhkp1fndgsc\LocalState\rootfs\home\jakewolfe\Projects\Lumaihelp\CodingChallenge\src\main\scala\CodingChallenge\CodingChallenge.scala' because it doesn't belong to a build target.
WARN  code navigation does not work for the file 'C:\Users\Jake\AppData\Local\Packages\CanonicalGroupLimited.UbuntuonWindows_79rhkp1fndgsc\LocalState\rootfs\home\jakewolfe\Projects\Lumaihelp\CodingChallenge\src\main\scala\CodingChallenge\CodingChallenge.scala' because it doesn't belong to a build target.
WARN  code navigation does not work for the file 'C:\Users\Jake\AppData\Local\Packages\CanonicalGroupLimited.UbuntuonWindows_79rhkp1fndgsc\LocalState\rootfs\home\jakewolfe\Projects\Lumaihelp\CodingChallenge\src\main\scala\CodingChallenge\CodingChallenge.scala' because it doesn't belong to a build target.
WARN  no build target for: C:\Users\Jake\AppData\Local\Packages\CanonicalGroupLimited.UbuntuonWindows_79rhkp1fndgsc\LocalState\rootfs\home\jakewolfe\Projects\Lumaihelp\CodingChallenge\src\main\scala\CodingChallenge\CodingChallenge.scala
WARN  no build target for: C:\Users\Jake\AppData\Local\Packages\CanonicalGroupLimited.UbuntuonWindows_79rhkp1fndgsc\LocalState\rootfs\home\jakewolfe\Projects\Lumaihelp\CodingChallenge\src\main\scala\CodingChallenge\CodingChallenge.scala
WARN  no build target for: C:\Users\Jake\AppData\Local\Packages\CanonicalGroupLimited.UbuntuonWindows_79rhkp1fndgsc\LocalState\rootfs\home\jakewolfe\Projects\Lumaihelp\CodingChallenge\src\main\scala\CodingChallenge\CodingChallenge.scala
WARN  no build target for: C:\Users\Jake\AppData\Local\Packages\CanonicalGroupLimited.UbuntuonWindows_79rhkp1fndgsc\LocalState\rootfs\home\jakewolfe\Projects\Lumaihelp\CodingChallenge\src\main\scala\CodingChallenge\CodingChallenge.scala
WARN  no build target for: C:\Users\Jake\AppData\Local\Packages\CanonicalGroupLimited.UbuntuonWindows_79rhkp1fndgsc\LocalState\rootfs\home\jakewolfe\Projects\Lumaihelp\CodingChallenge\src\main\scala\CodingChallenge\CodingChallenge.scala
WARN  code navigation does not work for the file 'C:\Users\Jake\AppData\Local\Packages\CanonicalGroupLimited.UbuntuonWindows_79rhkp1fndgsc\LocalState\rootfs\home\jakewolfe\Projects\Lumaihelp\CodingChallenge\src\main\scala\CodingChallenge\CodingChallenge.scala' because it doesn't belong to a build target.
WARN  code navigation does not work for the file 'C:\Users\Jake\AppData\Local\Packages\CanonicalGroupLimited.UbuntuonWindows_79rhkp1fndgsc\LocalState\rootfs\home\jakewolfe\Projects\Lumaihelp\CodingChallenge\src\main\scala\CodingChallenge\CodingChallenge.scala' because it doesn't belong to a build target.
Apr 01, 2020 11:16:21 PM org.eclipse.lsp4j.jsonrpc.RemoteEndpoint handleCancellation
WARNING: Unmatched cancel notification for request id 3703
Apr 01, 2020 11:16:30 PM scala.meta.internal.pc.CompilerAccess retryWithCleanCompiler
INFO: compiler crashed due to an error in the Scala compiler, retrying with new compiler instance.
Apr 01, 2020 11:16:30 PM scala.meta.internal.pc.CompilerAccess handleError
SEVERE: assertion failed: bad position: [1718:1701]
java.lang.AssertionError: assertion failed: bad position: [1718:1701]
	at scala.reflect.internal.util.Position$.validate(Position.scala:41)
	at scala.reflect.internal.util.Position$.range(Position.scala:58)
	at scala.reflect.internal.util.InternalPositionImpl.copyRange(Position.scala:218)
	at scala.reflect.internal.util.InternalPositionImpl.withStart(Position.scala:133)
	at scala.reflect.internal.util.InternalPositionImpl.withStart$(Position.scala:133)
	at scala.reflect.internal.util.Position.withStart(Position.scala:19)
	at scala.meta.internal.pc.CompletionProvider.editRange$lzycompute$1(CompletionProvider.scala:336)
	at scala.meta.internal.pc.CompletionProvider.editRange$2(CompletionProvider.scala:335)
	at scala.meta.internal.pc.CompletionProvider.expected$1(CompletionProvider.scala:344)
	at scala.meta.internal.pc.CompletionProvider.safeCompletionsAt(CompletionProvider.scala:439)
	at scala.meta.internal.pc.CompletionProvider.completions(CompletionProvider.scala:52)

WARN  no build target for: C:\Users\Jake\AppData\Local\Packages\CanonicalGroupLimited.UbuntuonWindows_79rhkp1fndgsc\LocalState\rootfs\home\jakewolfe\Projects\Lumaihelp\CodingChallenge\src\main\scala\CodingChallenge\CodingChallenge.scala
WARN  code navigation does not work for the file 'C:\Users\Jake\AppData\Local\Packages\CanonicalGroupLimited.UbuntuonWindows_79rhkp1fndgsc\LocalState\rootfs\home\jakewolfe\Projects\Lumaihelp\CodingChallenge\src\main\scala\CodingChallenge\CodingChallenge.scala' because it doesn't belong to a build target.
WARN  code navigation does not work for the file 'C:\Users\Jake\AppData\Local\Packages\CanonicalGroupLimited.UbuntuonWindows_79rhkp1fndgsc\LocalState\rootfs\home\jakewolfe\Projects\Lumaihelp\CodingChallenge\src\main\scala\CodingChallenge\CodingChallenge.scala' because it doesn't belong to a build target.
WARN  no build target for: C:\Users\Jake\AppData\Local\Packages\CanonicalGroupLimited.UbuntuonWindows_79rhkp1fndgsc\LocalState\rootfs\home\jakewolfe\Projects\Lumaihelp\CodingChallenge\src\main\scala\CodingChallenge\CodingChallenge.scala
WARN  no build target for: C:\Users\Jake\AppData\Local\Packages\CanonicalGroupLimited.UbuntuonWindows_79rhkp1fndgsc\LocalState\rootfs\home\jakewolfe\Projects\Lumaihelp\CodingChallenge\src\main\scala\CodingChallenge\CodingChallenge.scala
WARN  code navigation does not work for the file 'C:\Users\Jake\AppData\Local\Packages\CanonicalGroupLimited.UbuntuonWindows_79rhkp1fndgsc\LocalState\rootfs\home\jakewolfe\Projects\Lumaihelp\CodingChallenge\src\main\scala\CodingChallenge\CodingChallenge.scala' because it doesn't belong to a build target.
WARN  code navigation does not work for the file 'C:\Users\Jake\AppData\Local\Packages\CanonicalGroupLimited.UbuntuonWindows_79rhkp1fndgsc\LocalState\rootfs\home\jakewolfe\Projects\Lumaihelp\CodingChallenge\src\main\scala\CodingChallenge\CodingChallenge.scala' because it doesn't belong to a build target.
WARN  no build target for: C:\Users\Jake\AppData\Local\Packages\CanonicalGroupLimited.UbuntuonWindows_79rhkp1fndgsc\LocalState\rootfs\home\jakewolfe\Projects\Lumaihelp\CodingChallenge\src\main\scala\CodingChallenge\CodingChallenge.scala
WARN  code navigation does not work for the file 'C:\Users\Jake\AppData\Local\Packages\CanonicalGroupLimited.UbuntuonWindows_79rhkp1fndgsc\LocalState\rootfs\home\jakewolfe\Projects\Lumaihelp\CodingChallenge\src\main\scala\utils\package.scala' because it doesn't belong to a build target.
WARN  code navigation does not work for the file 'C:\Users\Jake\AppData\Local\Packages\CanonicalGroupLimited.UbuntuonWindows_79rhkp1fndgsc\LocalState\rootfs\home\jakewolfe\Projects\Lumaihelp\CodingChallenge\src\main\scala\utils\package.scala' because it doesn't belong to a build target.
WARN  code navigation does not work for the file 'C:\Users\Jake\AppData\Local\Packages\CanonicalGroupLimited.UbuntuonWindows_79rhkp1fndgsc\LocalState\rootfs\home\jakewolfe\Projects\Lumaihelp\CodingChallenge\src\main\scala\CodingChallenge\CodingChallenge.scala' because it doesn't belong to a build target.
WARN  code navigation does not work for the file 'C:\Users\Jake\AppData\Local\Packages\CanonicalGroupLimited.UbuntuonWindows_79rhkp1fndgsc\LocalState\rootfs\home\jakewolfe\Projects\Lumaihelp\CodingChallenge\src\main\scala\CodingChallenge\CodingChallenge.scala' because it doesn't belong to a build target.
WARN  no build target for: C:\Users\Jake\AppData\Local\Packages\CanonicalGroupLimited.UbuntuonWindows_79rhkp1fndgsc\LocalState\rootfs\home\jakewolfe\Projects\Lumaihelp\CodingChallenge\src\main\scala\CodingChallenge\CodingChallenge.scala
WARN  no build target for: C:\Users\Jake\AppData\Local\Packages\CanonicalGroupLimited.UbuntuonWindows_79rhkp1fndgsc\LocalState\rootfs\home\jakewolfe\Projects\Lumaihelp\CodingChallenge\src\main\scala\CodingChallenge\CodingChallenge.scala
WARN  code navigation does not work for the file 'C:\Users\Jake\AppData\Local\Packages\CanonicalGroupLimited.UbuntuonWindows_79rhkp1fndgsc\LocalState\rootfs\home\jakewolfe\Projects\Lumaihelp\CodingChallenge\src\main\scala\CodingChallenge\CodingChallenge.scala' because it doesn't belong to a build target.
WARN  code navigation does not work for the file 'C:\Users\Jake\AppData\Local\Packages\CanonicalGroupLimited.UbuntuonWindows_79rhkp1fndgsc\LocalState\rootfs\home\jakewolfe\Projects\Lumaihelp\CodingChallenge\src\main\scala\CodingChallenge\CodingChallenge.scala' because it doesn't belong to a build target.
WARN  code navigation does not work for the file 'C:\Users\Jake\AppData\Local\Packages\CanonicalGroupLimited.UbuntuonWindows_79rhkp1fndgsc\LocalState\rootfs\home\jakewolfe\Projects\Lumaihelp\CodingChallenge\src\main\scala\CodingChallenge\CodingChallenge.scala' because it doesn't belong to a build target.
WARN  code navigation does not work for the file 'C:\Users\Jake\AppData\Local\Packages\CanonicalGroupLimited.UbuntuonWindows_79rhkp1fndgsc\LocalState\rootfs\home\jakewolfe\Projects\Lumaihelp\CodingChallenge\src\main\scala\CodingChallenge\CodingChallenge.scala' because it doesn't belong to a build target.
WARN  code navigation does not work for the file 'C:\Users\Jake\AppData\Local\Packages\CanonicalGroupLimited.UbuntuonWindows_79rhkp1fndgsc\LocalState\rootfs\home\jakewolfe\Projects\Lumaihelp\CodingChallenge\src\main\scala\CodingChallenge\CodingChallenge.scala' because it doesn't belong to a build target.
WARN  code navigation does not work for the file 'C:\Users\Jake\AppData\Local\Packages\CanonicalGroupLimited.UbuntuonWindows_79rhkp1fndgsc\LocalState\rootfs\home\jakewolfe\Projects\Lumaihelp\CodingChallenge\src\main\scala\CodingChallenge\CodingChallenge.scala' because it doesn't belong to a build target.
WARN  no build target for: C:\Users\Jake\AppData\Local\Packages\CanonicalGroupLimited.UbuntuonWindows_79rhkp1fndgsc\LocalState\rootfs\home\jakewolfe\Projects\Lumaihelp\CodingChallenge\src\main\scala\CodingChallenge\CodingChallenge.scala
WARN  no build target for: C:\Users\Jake\AppData\Local\Packages\CanonicalGroupLimited.UbuntuonWindows_79rhkp1fndgsc\LocalState\rootfs\home\jakewolfe\Projects\Lumaihelp\CodingChallenge\src\main\scala\CodingChallenge\CodingChallenge.scala
WARN  no build target for: C:\Users\Jake\AppData\Local\Packages\CanonicalGroupLimited.UbuntuonWindows_79rhkp1fndgsc\LocalState\rootfs\home\jakewolfe\Projects\Lumaihelp\CodingChallenge\src\main\scala\CodingChallenge\CodingChallenge.scala
WARN  no build target for: C:\Users\Jake\AppData\Local\Packages\CanonicalGroupLimited.UbuntuonWindows_79rhkp1fndgsc\LocalState\rootfs\home\jakewolfe\Projects\Lumaihelp\CodingChallenge\src\main\scala\CodingChallenge\CodingChallenge.scala
WARN  code navigation does not work for the file 'C:\Users\Jake\AppData\Local\Packages\CanonicalGroupLimited.UbuntuonWindows_79rhkp1fndgsc\LocalState\rootfs\home\jakewolfe\Projects\Lumaihelp\CodingChallenge\src\main\scala\CodingChallenge\CodingChallenge.scala' because it doesn't belong to a build target.
WARN  code navigation does not work for the file 'C:\Users\Jake\AppData\Local\Packages\CanonicalGroupLimited.UbuntuonWindows_79rhkp1fndgsc\LocalState\rootfs\home\jakewolfe\Projects\Lumaihelp\CodingChallenge\src\main\scala\CodingChallenge\CodingChallenge.scala' because it doesn't belong to a build target.
WARN  no build target for: C:\Users\Jake\AppData\Local\Packages\CanonicalGroupLimited.UbuntuonWindows_79rhkp1fndgsc\LocalState\rootfs\home\jakewolfe\Projects\Lumaihelp\CodingChallenge\src\main\scala\CodingChallenge\CodingChallenge.scala
WARN  code navigation does not work for the file 'C:\Users\Jake\AppData\Local\Packages\CanonicalGroupLimited.UbuntuonWindows_79rhkp1fndgsc\LocalState\rootfs\home\jakewolfe\Projects\Lumaihelp\CodingChallenge\src\main\scala\CodingChallenge\CodingChallenge.scala' because it doesn't belong to a build target.
WARN  code navigation does not work for the file 'C:\Users\Jake\AppData\Local\Packages\CanonicalGroupLimited.UbuntuonWindows_79rhkp1fndgsc\LocalState\rootfs\home\jakewolfe\Projects\Lumaihelp\CodingChallenge\src\main\scala\CodingChallenge\CodingChallenge.scala' because it doesn't belong to a build target.
Apr 02, 2020 12:21:11 AM org.eclipse.lsp4j.jsonrpc.services.GenericEndpoint notify
INFO: Unsupported notification method: $/setTraceNotification
Apr 02, 2020 12:21:11 AM org.eclipse.lsp4j.jsonrpc.services.GenericEndpoint notify
INFO: Unsupported notification method: $/setTraceNotification
Apr 02, 2020 12:21:35 AM org.eclipse.lsp4j.jsonrpc.services.GenericEndpoint notify
INFO: Unsupported notification method: $/setTraceNotification
WARN  code navigation does not work for the file 'C:\Users\Jake\AppData\Local\Packages\CanonicalGroupLimited.UbuntuonWindows_79rhkp1fndgsc\LocalState\rootfs\home\jakewolfe\Projects\Lumaihelp\CodingChallenge\src\main\scala\CodingChallenge\CodingChallenge.scala' because it doesn't belong to a build target.
WARN  code navigation does not work for the file 'C:\Users\Jake\AppData\Local\Packages\CanonicalGroupLimited.UbuntuonWindows_79rhkp1fndgsc\LocalState\rootfs\home\jakewolfe\Projects\Lumaihelp\CodingChallenge\src\main\scala\CodingChallenge\CodingChallenge.scala' because it doesn't belong to a build target.
WARN  code navigation does not work for the file 'C:\Users\Jake\AppData\Local\Packages\CanonicalGroupLimited.UbuntuonWindows_79rhkp1fndgsc\LocalState\rootfs\home\jakewolfe\Projects\Lumaihelp\CodingChallenge\src\main\scala\CodingChallenge\CodingChallenge.scala' because it doesn't belong to a build target.
WARN  code navigation does not work for the file 'C:\Users\Jake\AppData\Local\Packages\CanonicalGroupLimited.UbuntuonWindows_79rhkp1fndgsc\LocalState\rootfs\home\jakewolfe\Projects\Lumaihelp\CodingChallenge\src\main\scala\CodingChallenge\CodingChallenge.scala' because it doesn't belong to a build target.
WARN  code navigation does not work for the file 'C:\Users\Jake\AppData\Local\Packages\CanonicalGroupLimited.UbuntuonWindows_79rhkp1fndgsc\LocalState\rootfs\home\jakewolfe\Projects\Lumaihelp\CodingChallenge\src\main\scala\CodingChallenge\CodingChallenge.scala' because it doesn't belong to a build target.
WARN  code navigation does not work for the file 'C:\Users\Jake\AppData\Local\Packages\CanonicalGroupLimited.UbuntuonWindows_79rhkp1fndgsc\LocalState\rootfs\home\jakewolfe\Projects\Lumaihelp\CodingChallenge\src\main\scala\CodingChallenge\CodingChallenge.scala' because it doesn't belong to a build target.
WARN  code navigation does not work for the file 'C:\Users\Jake\AppData\Local\Packages\CanonicalGroupLimited.UbuntuonWindows_79rhkp1fndgsc\LocalState\rootfs\home\jakewolfe\Projects\Lumaihelp\CodingChallenge\src\main\scala\CodingChallenge\CodingChallenge.scala' because it doesn't belong to a build target.
WARN  code navigation does not work for the file 'C:\Users\Jake\AppData\Local\Packages\CanonicalGroupLimited.UbuntuonWindows_79rhkp1fndgsc\LocalState\rootfs\home\jakewolfe\Projects\Lumaihelp\CodingChallenge\src\main\scala\CodingChallenge\CodingChallenge.scala' because it doesn't belong to a build target.
WARN  code navigation does not work for the file 'C:\Users\Jake\AppData\Local\Packages\CanonicalGroupLimited.UbuntuonWindows_79rhkp1fndgsc\LocalState\rootfs\home\jakewolfe\Projects\Lumaihelp\CodingChallenge\src\main\scala\CodingChallenge\CodingChallenge.scala' because it doesn't belong to a build target.
WARN  code navigation does not work for the file 'C:\Users\Jake\AppData\Local\Packages\CanonicalGroupLimited.UbuntuonWindows_79rhkp1fndgsc\LocalState\rootfs\home\jakewolfe\Projects\Lumaihelp\CodingChallenge\src\main\scala\CodingChallenge\CodingChallenge.scala' because it doesn't belong to a build target.
WARN  no build target for: C:\Users\Jake\AppData\Local\Packages\CanonicalGroupLimited.UbuntuonWindows_79rhkp1fndgsc\LocalState\rootfs\home\jakewolfe\Projects\Lumaihelp\CodingChallenge\src\main\scala\CodingChallenge\CodingChallenge.scala
WARN  code navigation does not work for the file 'C:\Users\Jake\AppData\Local\Packages\CanonicalGroupLimited.UbuntuonWindows_79rhkp1fndgsc\LocalState\rootfs\home\jakewolfe\Projects\Lumaihelp\CodingChallenge\src\main\scala\CodingChallenge\CodingChallenge.scala' because it doesn't belong to a build target.
WARN  code navigation does not work for the file 'C:\Users\Jake\AppData\Local\Packages\CanonicalGroupLimited.UbuntuonWindows_79rhkp1fndgsc\LocalState\rootfs\home\jakewolfe\Projects\Lumaihelp\CodingChallenge\src\main\scala\CodingChallenge\CodingChallenge.scala' because it doesn't belong to a build target.
WARN  code navigation does not work for the file 'C:\Users\Jake\AppData\Local\Packages\CanonicalGroupLimited.UbuntuonWindows_79rhkp1fndgsc\LocalState\rootfs\home\jakewolfe\Projects\Lumaihelp\CodingChallenge\src\main\scala\CodingChallenge\CodingChallenge.scala' because it doesn't belong to a build target.
WARN  code navigation does not work for the file 'C:\Users\Jake\AppData\Local\Packages\CanonicalGroupLimited.UbuntuonWindows_79rhkp1fndgsc\LocalState\rootfs\home\jakewolfe\Projects\Lumaihelp\CodingChallenge\src\main\scala\CodingChallenge\CodingChallenge.scala' because it doesn't belong to a build target.
WARN  code navigation does not work for the file 'C:\Users\Jake\AppData\Local\Packages\CanonicalGroupLimited.UbuntuonWindows_79rhkp1fndgsc\LocalState\rootfs\home\jakewolfe\Projects\Lumaihelp\CodingChallenge\src\main\scala\CodingChallenge\CodingChallenge.scala' because it doesn't belong to a build target.
WARN  code navigation does not work for the file 'C:\Users\Jake\AppData\Local\Packages\CanonicalGroupLimited.UbuntuonWindows_79rhkp1fndgsc\LocalState\rootfs\home\jakewolfe\Projects\Lumaihelp\CodingChallenge\src\main\scala\CodingChallenge\CodingChallenge.scala' because it doesn't belong to a build target.
WARN  no build target for: C:\Users\Jake\AppData\Local\Packages\CanonicalGroupLimited.UbuntuonWindows_79rhkp1fndgsc\LocalState\rootfs\home\jakewolfe\Projects\Lumaihelp\CodingChallenge\src\main\scala\CodingChallenge\CodingChallenge.scala
WARN  no build target for: C:\Users\Jake\AppData\Local\Packages\CanonicalGroupLimited.UbuntuonWindows_79rhkp1fndgsc\LocalState\rootfs\home\jakewolfe\Projects\Lumaihelp\CodingChallenge\src\main\scala\CodingChallenge\CodingChallenge.scala
WARN  no build target for: C:\Users\Jake\AppData\Local\Packages\CanonicalGroupLimited.UbuntuonWindows_79rhkp1fndgsc\LocalState\rootfs\home\jakewolfe\Projects\Lumaihelp\CodingChallenge\src\main\scala\CodingChallenge\CodingChallenge.scala
WARN  no build target for: C:\Users\Jake\AppData\Local\Packages\CanonicalGroupLimited.UbuntuonWindows_79rhkp1fndgsc\LocalState\rootfs\home\jakewolfe\Projects\Lumaihelp\CodingChallenge\src\main\scala\CodingChallenge\CodingChallenge.scala
WARN  no build target for: C:\Users\Jake\AppData\Local\Packages\CanonicalGroupLimited.UbuntuonWindows_79rhkp1fndgsc\LocalState\rootfs\home\jakewolfe\Projects\Lumaihelp\CodingChallenge\src\main\scala\CodingChallenge\CodingChallenge.scala
WARN  code navigation does not work for the file 'C:\Users\Jake\AppData\Local\Packages\CanonicalGroupLimited.UbuntuonWindows_79rhkp1fndgsc\LocalState\rootfs\home\jakewolfe\Projects\Lumaihelp\CodingChallenge\src\main\scala\CodingChallenge\CodingChallenge.scala' because it doesn't belong to a build target.
WARN  code navigation does not work for the file 'C:\Users\Jake\AppData\Local\Packages\CanonicalGroupLimited.UbuntuonWindows_79rhkp1fndgsc\LocalState\rootfs\home\jakewolfe\Projects\Lumaihelp\CodingChallenge\src\main\scala\CodingChallenge\CodingChallenge.scala' because it doesn't belong to a build target.
WARN  code navigation does not work for the file 'C:\Users\Jake\AppData\Local\Packages\CanonicalGroupLimited.UbuntuonWindows_79rhkp1fndgsc\LocalState\rootfs\home\jakewolfe\Projects\Lumaihelp\CodingChallenge\src\main\scala\CodingChallenge\CodingChallenge.scala' because it doesn't belong to a build target.
WARN  code navigation does not work for the file 'C:\Users\Jake\AppData\Local\Packages\CanonicalGroupLimited.UbuntuonWindows_79rhkp1fndgsc\LocalState\rootfs\home\jakewolfe\Projects\Lumaihelp\CodingChallenge\src\main\scala\CodingChallenge\CodingChallenge.scala' because it doesn't belong to a build target.
WARN  code navigation does not work for the file 'C:\Users\Jake\AppData\Local\Packages\CanonicalGroupLimited.UbuntuonWindows_79rhkp1fndgsc\LocalState\rootfs\home\jakewolfe\Projects\Lumaihelp\CodingChallenge\src\main\scala\CodingChallenge\CodingChallenge.scala' because it doesn't belong to a build target.
WARN  code navigation does not work for the file 'C:\Users\Jake\AppData\Local\Packages\CanonicalGroupLimited.UbuntuonWindows_79rhkp1fndgsc\LocalState\rootfs\home\jakewolfe\Projects\Lumaihelp\CodingChallenge\src\main\scala\CodingChallenge\CodingChallenge.scala' because it doesn't belong to a build target.
WARN  no build target for: C:\Users\Jake\AppData\Local\Packages\CanonicalGroupLimited.UbuntuonWindows_79rhkp1fndgsc\LocalState\rootfs\home\jakewolfe\Projects\Lumaihelp\CodingChallenge\src\main\scala\CodingChallenge\CodingChallenge.scala
WARN  no build target for: C:\Users\Jake\AppData\Local\Packages\CanonicalGroupLimited.UbuntuonWindows_79rhkp1fndgsc\LocalState\rootfs\home\jakewolfe\Projects\Lumaihelp\CodingChallenge\src\main\scala\CodingChallenge\CodingChallenge.scala
WARN  code navigation does not work for the file 'C:\Users\Jake\AppData\Local\Packages\CanonicalGroupLimited.UbuntuonWindows_79rhkp1fndgsc\LocalState\rootfs\home\jakewolfe\Projects\Lumaihelp\CodingChallenge\src\main\scala\CodingChallenge\CodingChallenge.scala' because it doesn't belong to a build target.
WARN  code navigation does not work for the file 'C:\Users\Jake\AppData\Local\Packages\CanonicalGroupLimited.UbuntuonWindows_79rhkp1fndgsc\LocalState\rootfs\home\jakewolfe\Projects\Lumaihelp\CodingChallenge\src\main\scala\CodingChallenge\CodingChallenge.scala' because it doesn't belong to a build target.
WARN  no build target for: C:\Users\Jake\AppData\Local\Packages\CanonicalGroupLimited.UbuntuonWindows_79rhkp1fndgsc\LocalState\rootfs\home\jakewolfe\Projects\Lumaihelp\CodingChallenge\src\main\scala\CodingChallenge\CodingChallenge.scala
WARN  no build target for: C:\Users\Jake\AppData\Local\Packages\CanonicalGroupLimited.UbuntuonWindows_79rhkp1fndgsc\LocalState\rootfs\home\jakewolfe\Projects\Lumaihelp\CodingChallenge\src\main\scala\CodingChallenge\CodingChallenge.scala
WARN  code navigation does not work for the file 'C:\Users\Jake\AppData\Local\Packages\CanonicalGroupLimited.UbuntuonWindows_79rhkp1fndgsc\LocalState\rootfs\home\jakewolfe\Projects\Lumaihelp\CodingChallenge\src\main\scala\CodingChallenge\CodingChallenge.scala' because it doesn't belong to a build target.
WARN  code navigation does not work for the file 'C:\Users\Jake\AppData\Local\Packages\CanonicalGroupLimited.UbuntuonWindows_79rhkp1fndgsc\LocalState\rootfs\home\jakewolfe\Projects\Lumaihelp\CodingChallenge\src\main\scala\CodingChallenge\CodingChallenge.scala' because it doesn't belong to a build target.
WARN  code navigation does not work for the file 'C:\Users\Jake\AppData\Local\Packages\CanonicalGroupLimited.UbuntuonWindows_79rhkp1fndgsc\LocalState\rootfs\home\jakewolfe\Projects\Lumaihelp\CodingChallenge\src\main\scala\CodingChallenge\CodingChallenge.scala' because it doesn't belong to a build target.
WARN  code navigation does not work for the file 'C:\Users\Jake\AppData\Local\Packages\CanonicalGroupLimited.UbuntuonWindows_79rhkp1fndgsc\LocalState\rootfs\home\jakewolfe\Projects\Lumaihelp\CodingChallenge\src\main\scala\CodingChallenge\CodingChallenge.scala' because it doesn't belong to a build target.
WARN  no build target for: C:\Users\Jake\AppData\Local\Packages\CanonicalGroupLimited.UbuntuonWindows_79rhkp1fndgsc\LocalState\rootfs\home\jakewolfe\Projects\Lumaihelp\CodingChallenge\src\main\scala\CodingChallenge\CodingChallenge.scala
WARN  no build target for: C:\Users\Jake\AppData\Local\Packages\CanonicalGroupLimited.UbuntuonWindows_79rhkp1fndgsc\LocalState\rootfs\home\jakewolfe\Projects\Lumaihelp\CodingChallenge\src\main\scala\CodingChallenge\CodingChallenge.scala
WARN  code navigation does not work for the file 'C:\Users\Jake\AppData\Local\Packages\CanonicalGroupLimited.UbuntuonWindows_79rhkp1fndgsc\LocalState\rootfs\home\jakewolfe\Projects\Lumaihelp\CodingChallenge\src\main\scala\CodingChallenge\CodingChallenge.scala' because it doesn't belong to a build target.
WARN  code navigation does not work for the file 'C:\Users\Jake\AppData\Local\Packages\CanonicalGroupLimited.UbuntuonWindows_79rhkp1fndgsc\LocalState\rootfs\home\jakewolfe\Projects\Lumaihelp\CodingChallenge\src\main\scala\CodingChallenge\CodingChallenge.scala' because it doesn't belong to a build target.
WARN  code navigation does not work for the file 'C:\Users\Jake\AppData\Local\Packages\CanonicalGroupLimited.UbuntuonWindows_79rhkp1fndgsc\LocalState\rootfs\home\jakewolfe\Projects\Lumaihelp\CodingChallenge\src\main\scala\CodingChallenge\CodingChallenge.scala' because it doesn't belong to a build target.
WARN  code navigation does not work for the file 'C:\Users\Jake\AppData\Local\Packages\CanonicalGroupLimited.UbuntuonWindows_79rhkp1fndgsc\LocalState\rootfs\home\jakewolfe\Projects\Lumaihelp\CodingChallenge\src\main\scala\CodingChallenge\CodingChallenge.scala' because it doesn't belong to a build target.
WARN  code navigation does not work for the file 'C:\Users\Jake\AppData\Local\Packages\CanonicalGroupLimited.UbuntuonWindows_79rhkp1fndgsc\LocalState\rootfs\home\jakewolfe\Projects\Lumaihelp\CodingChallenge\src\main\scala\CodingChallenge\CodingChallenge.scala' because it doesn't belong to a build target.
WARN  code navigation does not work for the file 'C:\Users\Jake\AppData\Local\Packages\CanonicalGroupLimited.UbuntuonWindows_79rhkp1fndgsc\LocalState\rootfs\home\jakewolfe\Projects\Lumaihelp\CodingChallenge\src\main\scala\CodingChallenge\CodingChallenge.scala' because it doesn't belong to a build target.
WARN  no build target for: C:\Users\Jake\AppData\Local\Packages\CanonicalGroupLimited.UbuntuonWindows_79rhkp1fndgsc\LocalState\rootfs\home\jakewolfe\Projects\Lumaihelp\CodingChallenge\src\main\scala\CodingChallenge\CodingChallenge.scala
WARN  no build target for: C:\Users\Jake\AppData\Local\Packages\CanonicalGroupLimited.UbuntuonWindows_79rhkp1fndgsc\LocalState\rootfs\home\jakewolfe\Projects\Lumaihelp\CodingChallenge\src\main\scala\CodingChallenge\CodingChallenge.scala
WARN  no build target for: C:\Users\Jake\AppData\Local\Packages\CanonicalGroupLimited.UbuntuonWindows_79rhkp1fndgsc\LocalState\rootfs\home\jakewolfe\Projects\Lumaihelp\CodingChallenge\src\main\scala\CodingChallenge\CodingChallenge.scala
WARN  code navigation does not work for the file 'C:\Users\Jake\AppData\Local\Packages\CanonicalGroupLimited.UbuntuonWindows_79rhkp1fndgsc\LocalState\rootfs\home\jakewolfe\Projects\Lumaihelp\CodingChallenge\src\main\scala\CodingChallenge\CodingChallenge.scala' because it doesn't belong to a build target.
WARN  code navigation does not work for the file 'C:\Users\Jake\AppData\Local\Packages\CanonicalGroupLimited.UbuntuonWindows_79rhkp1fndgsc\LocalState\rootfs\home\jakewolfe\Projects\Lumaihelp\CodingChallenge\src\main\scala\CodingChallenge\CodingChallenge.scala' because it doesn't belong to a build target.
WARN  no build target for: C:\Users\Jake\AppData\Local\Packages\CanonicalGroupLimited.UbuntuonWindows_79rhkp1fndgsc\LocalState\rootfs\home\jakewolfe\Projects\Lumaihelp\CodingChallenge\src\main\scala\CodingChallenge\CodingChallenge.scala
WARN  code navigation does not work for the file 'C:\Users\Jake\AppData\Local\Packages\CanonicalGroupLimited.UbuntuonWindows_79rhkp1fndgsc\LocalState\rootfs\home\jakewolfe\Projects\Lumaihelp\CodingChallenge\src\main\scala\CodingChallenge\CodingChallenge.scala' because it doesn't belong to a build target.
WARN  code navigation does not work for the file 'C:\Users\Jake\AppData\Local\Packages\CanonicalGroupLimited.UbuntuonWindows_79rhkp1fndgsc\LocalState\rootfs\home\jakewolfe\Projects\Lumaihelp\CodingChallenge\src\main\scala\CodingChallenge\CodingChallenge.scala' because it doesn't belong to a build target.
WARN  code navigation does not work for the file 'C:\Users\Jake\AppData\Local\Packages\CanonicalGroupLimited.UbuntuonWindows_79rhkp1fndgsc\LocalState\rootfs\home\jakewolfe\Projects\Lumaihelp\CodingChallenge\src\main\scala\CodingChallenge\CodingChallenge.scala' because it doesn't belong to a build target.
WARN  code navigation does not work for the file 'C:\Users\Jake\AppData\Local\Packages\CanonicalGroupLimited.UbuntuonWindows_79rhkp1fndgsc\LocalState\rootfs\home\jakewolfe\Projects\Lumaihelp\CodingChallenge\src\main\scala\CodingChallenge\CodingChallenge.scala' because it doesn't belong to a build target.
WARN  no build target for: C:\Users\Jake\AppData\Local\Packages\CanonicalGroupLimited.UbuntuonWindows_79rhkp1fndgsc\LocalState\rootfs\home\jakewolfe\Projects\Lumaihelp\CodingChallenge\src\main\scala\CodingChallenge\CodingChallenge.scala
WARN  no build target for: C:\Users\Jake\AppData\Local\Packages\CanonicalGroupLimited.UbuntuonWindows_79rhkp1fndgsc\LocalState\rootfs\home\jakewolfe\Projects\Lumaihelp\CodingChallenge\src\main\scala\CodingChallenge\CodingChallenge.scala
WARN  no build target for: C:\Users\Jake\AppData\Local\Packages\CanonicalGroupLimited.UbuntuonWindows_79rhkp1fndgsc\LocalState\rootfs\home\jakewolfe\Projects\Lumaihelp\CodingChallenge\src\main\scala\CodingChallenge\CodingChallenge.scala
WARN  no build target for: C:\Users\Jake\AppData\Local\Packages\CanonicalGroupLimited.UbuntuonWindows_79rhkp1fndgsc\LocalState\rootfs\home\jakewolfe\Projects\Lumaihelp\CodingChallenge\src\main\scala\CodingChallenge\CodingChallenge.scala
WARN  no build target for: C:\Users\Jake\AppData\Local\Packages\CanonicalGroupLimited.UbuntuonWindows_79rhkp1fndgsc\LocalState\rootfs\home\jakewolfe\Projects\Lumaihelp\CodingChallenge\src\main\scala\CodingChallenge\CodingChallenge.scala
WARN  no build target for: C:\Users\Jake\AppData\Local\Packages\CanonicalGroupLimited.UbuntuonWindows_79rhkp1fndgsc\LocalState\rootfs\home\jakewolfe\Projects\Lumaihelp\CodingChallenge\src\main\scala\CodingChallenge\CodingChallenge.scala
WARN  no build target for: C:\Users\Jake\AppData\Local\Packages\CanonicalGroupLimited.UbuntuonWindows_79rhkp1fndgsc\LocalState\rootfs\home\jakewolfe\Projects\Lumaihelp\CodingChallenge\src\main\scala\CodingChallenge\CodingChallenge.scala
WARN  no build target for: C:\Users\Jake\AppData\Local\Packages\CanonicalGroupLimited.UbuntuonWindows_79rhkp1fndgsc\LocalState\rootfs\home\jakewolfe\Projects\Lumaihelp\CodingChallenge\src\main\scala\CodingChallenge\CodingChallenge.scala
WARN  no build target for: C:\Users\Jake\AppData\Local\Packages\CanonicalGroupLimited.UbuntuonWindows_79rhkp1fndgsc\LocalState\rootfs\home\jakewolfe\Projects\Lumaihelp\CodingChallenge\src\main\scala\CodingChallenge\CodingChallenge.scala
WARN  no build target for: C:\Users\Jake\AppData\Local\Packages\CanonicalGroupLimited.UbuntuonWindows_79rhkp1fndgsc\LocalState\rootfs\home\jakewolfe\Projects\Lumaihelp\CodingChallenge\src\main\scala\CodingChallenge\CodingChallenge.scala
WARN  no build target for: C:\Users\Jake\AppData\Local\Packages\CanonicalGroupLimited.UbuntuonWindows_79rhkp1fndgsc\LocalState\rootfs\home\jakewolfe\Projects\Lumaihelp\CodingChallenge\src\main\scala\CodingChallenge\CodingChallenge.scala
WARN  no build target for: C:\Users\Jake\AppData\Local\Packages\CanonicalGroupLimited.UbuntuonWindows_79rhkp1fndgsc\LocalState\rootfs\home\jakewolfe\Projects\Lumaihelp\CodingChallenge\src\main\scala\CodingChallenge\CodingChallenge.scala
Apr 02, 2020 2:18:37 AM org.eclipse.lsp4j.jsonrpc.services.GenericEndpoint notify
INFO: Unsupported notification method: $/setTraceNotification
WARN  no build target for: C:\Users\Jake\AppData\Local\Packages\CanonicalGroupLimited.UbuntuonWindows_79rhkp1fndgsc\LocalState\rootfs\home\jakewolfe\Projects\Lumaihelp\CodingChallenge\src\main\scala\CodingChallenge\CodingChallenge.scala
WARN  no build target for: C:\Users\Jake\AppData\Local\Packages\CanonicalGroupLimited.UbuntuonWindows_79rhkp1fndgsc\LocalState\rootfs\home\jakewolfe\Projects\Lumaihelp\CodingChallenge\src\main\scala\CodingChallenge\CodingChallenge.scala
WARN  no build target for: C:\Users\Jake\AppData\Local\Packages\CanonicalGroupLimited.UbuntuonWindows_79rhkp1fndgsc\LocalState\rootfs\home\jakewolfe\Projects\Lumaihelp\CodingChallenge\src\main\scala\CodingChallenge\CodingChallenge.scala
WARN  no build target for: C:\Users\Jake\AppData\Local\Packages\CanonicalGroupLimited.UbuntuonWindows_79rhkp1fndgsc\LocalState\rootfs\home\jakewolfe\Projects\Lumaihelp\CodingChallenge\src\main\scala\CodingChallenge\CodingChallenge.scala
Apr 02, 2020 2:30:35 AM org.eclipse.lsp4j.jsonrpc.RemoteEndpoint fallbackResponseError
SEVERE: Internal error: java.lang.StringIndexOutOfBoundsException: String index out of range: -1
java.util.concurrent.CompletionException: java.lang.StringIndexOutOfBoundsException: String index out of range: -1
	at java.util.concurrent.CompletableFuture.encodeThrowable(CompletableFuture.java:292)
	at java.util.concurrent.CompletableFuture.completeThrowable(CompletableFuture.java:308)
	at java.util.concurrent.CompletableFuture.uniAccept(CompletableFuture.java:661)
	at java.util.concurrent.CompletableFuture$UniAccept.tryFire(CompletableFuture.java:646)
	at java.util.concurrent.CompletableFuture.postComplete(CompletableFuture.java:488)
	at java.util.concurrent.CompletableFuture.completeExceptionally(CompletableFuture.java:1990)
	at scala.meta.internal.metals.CancelTokens$.$anonfun$future$1(CancelTokens.scala:38)
	at scala.meta.internal.metals.CancelTokens$.$anonfun$future$1$adapted(CancelTokens.scala:36)
	at scala.concurrent.impl.CallbackRunnable.run(Promise.scala:64)
	at java.util.concurrent.ThreadPoolExecutor.runWorker(ThreadPoolExecutor.java:1149)
	at java.util.concurrent.ThreadPoolExecutor$Worker.run(ThreadPoolExecutor.java:624)
	at java.lang.Thread.run(Thread.java:748)
Caused by: java.lang.StringIndexOutOfBoundsException: String index out of range: -1
	at java.lang.String.charAt(String.java:658)
	at scala.collection.immutable.StringOps$.apply$extension(StringOps.scala:41)
	at scala.meta.internal.metals.MetalsEnrichments$XtensionString.lastIndexBetween(MetalsEnrichments.scala:408)
	at scala.meta.internal.metals.MultilineStringFormattingProvider.pipeInScope(MultilineStringFormattingProvider.scala:93)
	at scala.meta.internal.metals.MultilineStringFormattingProvider.$anonfun$withToken$1(MultilineStringFormattingProvider.scala:139)
	at scala.concurrent.Future$.$anonfun$apply$1(Future.scala:659)
	at scala.util.Success.$anonfun$map$1(Try.scala:255)
	at scala.util.Success.map(Try.scala:213)
	at scala.concurrent.Future.$anonfun$map$1(Future.scala:292)
	at scala.concurrent.impl.Promise.liftedTree1$1(Promise.scala:33)
	at scala.concurrent.impl.Promise.$anonfun$transform$1(Promise.scala:33)
	... 4 more

WARN  no build target for: C:\Users\Jake\AppData\Local\Packages\CanonicalGroupLimited.UbuntuonWindows_79rhkp1fndgsc\LocalState\rootfs\home\jakewolfe\Projects\Lumaihelp\CodingChallenge\src\main\scala\CodingChallenge\CodingChallenge.scala
WARN  no build target for: C:\Users\Jake\AppData\Local\Packages\CanonicalGroupLimited.UbuntuonWindows_79rhkp1fndgsc\LocalState\rootfs\home\jakewolfe\Projects\Lumaihelp\CodingChallenge\src\main\scala\CodingChallenge\CodingChallenge.scala
